# JRE version: OpenJDK Runtime Environment (8.0_212-b04) (build 1.8.0_212-release-1586-b04)
# Java VM: OpenJDK 64-Bit Server VM (25.212-b04 mixed mode windows-amd64 compressed oops)
Heap:
 PSYoungGen      total 419328K, used 39419K [0x00000000e0000000, 0x00000000fd800000, 0x0000000100000000)
  eden space 379904K, 0% used [0x00000000e0000000,0x00000000e0000000,0x00000000f7300000)
  from space 39424K, 99% used [0x00000000f8e00000,0x00000000fb47eee0,0x00000000fb480000)
  to   space 36352K, 0% used [0x00000000fb480000,0x00000000fb480000,0x00000000fd800000)
 ParOldGen       total 153088K, used 144321K [0x00000000a0000000, 0x00000000a9580000, 0x00000000e0000000)
  object space 153088K, 94% used [0x00000000a0000000,0x00000000a8cf0670,0x00000000a9580000)
 Metaspace       used 134038K, capacity 143484K, committed 143616K, reserved 1173504K
  class space    used 17120K, capacity 18839K, committed 18944K, reserved 1048576K
GC Heap History (10 events):
Event: 8446.901 GC heap after
Heap after GC invocations=51 (full 4):
 PSYoungGen      total 442368K, used 13606K [0x00000000e0000000, 0x00000000fe580000, 0x0000000100000000)
  eden space 409600K, 0% used [0x00000000e0000000,0x00000000e0000000,0x00000000f9000000)
  from space 32768K, 41% used [0x00000000f9000000,0x00000000f9d49b80,0x00000000fb000000)
  to   space 31232K, 0% used [0x00000000fc700000,0x00000000fc700000,0x00000000fe580000)
 ParOldGen       total 153088K, used 116299K [0x00000000a0000000, 0x00000000a9580000, 0x00000000e0000000)
  object space 153088K, 75% used [0x00000000a0000000,0x00000000a7192f08,0x00000000a9580000)
 Metaspace       used 109607K, capacity 115992K, committed 116352K, reserved 1150976K
  class space    used 13955K, capacity 15126K, committed 15232K, reserved 1048576K
}
Event: 9616.590 GC heap before
{Heap before GC invocations=52 (full 4):
 PSYoungGen      total 442368K, used 423206K [0x00000000e0000000, 0x00000000fe580000, 0x0000000100000000)
  eden space 409600K, 100% used [0x00000000e0000000,0x00000000f9000000,0x00000000f9000000)
  from space 32768K, 41% used [0x00000000f9000000,0x00000000f9d49b80,0x00000000fb000000)
  to   space 31232K, 0% used [0x00000000fc700000,0x00000000fc700000,0x00000000fe580000)
 ParOldGen       total 153088K, used 116299K [0x00000000a0000000, 0x00000000a9580000, 0x00000000e0000000)
  object space 153088K, 75% used [0x00000000a0000000,0x00000000a7192f08,0x00000000a9580000)
 Metaspace       used 112258K, capacity 120378K, committed 120576K, reserved 1155072K
  class space    used 14347K, capacity 15814K, committed 15872K, reserved 1048576K
Event: 9616.958 GC heap after
Heap after GC invocations=52 (full 4):
 PSYoungGen      total 453632K, used 14830K [0x00000000e0000000, 0x00000000fde00000, 0x0000000100000000)
  eden space 430080K, 0% used [0x00000000e0000000,0x00000000e0000000,0x00000000fa400000)
  from space 23552K, 62% used [0x00000000fc700000,0x00000000fd57bae0,0x00000000fde00000)
  to   space 29696K, 0% used [0x00000000fa400000,0x00000000fa400000,0x00000000fc100000)
 ParOldGen       total 153088K, used 116307K [0x00000000a0000000, 0x00000000a9580000, 0x00000000e0000000)
  object space 153088K, 75% used [0x00000000a0000000,0x00000000a7194f08,0x00000000a9580000)
 Metaspace       used 112258K, capacity 120378K, committed 120576K, reserved 1155072K
  class space    used 14347K, capacity 15814K, committed 15872K, reserved 1048576K
}
Event: 14361.020 GC heap before
{Heap before GC invocations=53 (full 4):
 PSYoungGen      total 453632K, used 444910K [0x00000000e0000000, 0x00000000fde00000, 0x0000000100000000)
  eden space 430080K, 100% used [0x00000000e0000000,0x00000000fa400000,0x00000000fa400000)
  from space 23552K, 62% used [0x00000000fc700000,0x00000000fd57bae0,0x00000000fde00000)
  to   space 29696K, 0% used [0x00000000fa400000,0x00000000fa400000,0x00000000fc100000)
 ParOldGen       total 153088K, used 116307K [0x00000000a0000000, 0x00000000a9580000, 0x00000000e0000000)
  object space 153088K, 75% used [0x00000000a0000000,0x00000000a7194f08,0x00000000a9580000)
 Metaspace       used 127710K, capacity 136842K, committed 137088K, reserved 1167360K
  class space    used 16538K, capacity 18192K, committed 18304K, reserved 1048576K
Event: 14364.845 GC heap after
Heap after GC invocations=53 (full 4):
 PSYoungGen      total 442368K, used 29673K [0x00000000e0000000, 0x00000000fdb00000, 0x0000000100000000)
  eden space 412672K, 0% used [0x00000000e0000000,0x00000000e0000000,0x00000000f9300000)
  from space 29696K, 99% used [0x00000000fa400000,0x00000000fc0fa680,0x00000000fc100000)
  to   space 26624K, 0% used [0x00000000fc100000,0x00000000fc100000,0x00000000fdb00000)
 ParOldGen       total 153088K, used 124123K [0x00000000a0000000, 0x00000000a9580000, 0x00000000e0000000)
  object space 153088K, 81% used [0x00000000a0000000,0x00000000a7936f50,0x00000000a9580000)
 Metaspace       used 127710K, capacity 136842K, committed 137088K, reserved 1167360K
  class space    used 16538K, capacity 18192K, committed 18304K, reserved 1048576K
}
Event: 14402.477 GC heap before
{Heap before GC invocations=54 (full 4):
 PSYoungGen      total 442368K, used 442345K [0x00000000e0000000, 0x00000000fdb00000, 0x0000000100000000)
  eden space 412672K, 100% used [0x00000000e0000000,0x00000000f9300000,0x00000000f9300000)
  from space 29696K, 99% used [0x00000000fa400000,0x00000000fc0fa680,0x00000000fc100000)
  to   space 26624K, 0% used [0x00000000fc100000,0x00000000fc100000,0x00000000fdb00000)
 ParOldGen       total 153088K, used 124123K [0x00000000a0000000, 0x00000000a9580000, 0x00000000e0000000)
  object space 153088K, 81% used [0x00000000a0000000,0x00000000a7936f50,0x00000000a9580000)
 Metaspace       used 128517K, capacity 137660K, committed 137856K, reserved 1169408K
  class space    used 16623K, capacity 18285K, committed 18304K, reserved 1048576K
Event: 14403.007 GC heap after
Heap after GC invocations=54 (full 4):
 PSYoungGen      total 422400K, used 26593K [0x00000000e0000000, 0x00000000fdb00000, 0x0000000100000000)
  eden space 395776K, 0% used [0x00000000e0000000,0x00000000e0000000,0x00000000f8280000)
  from space 26624K, 99% used [0x00000000fc100000,0x00000000fdaf8448,0x00000000fdb00000)
  to   space 39424K, 0% used [0x00000000f8e00000,0x00000000f8e00000,0x00000000fb480000)
 ParOldGen       total 153088K, used 126853K [0x00000000a0000000, 0x00000000a9580000, 0x00000000e0000000)
  object space 153088K, 82% used [0x00000000a0000000,0x00000000a7be1620,0x00000000a9580000)
 Metaspace       used 128517K, capacity 137660K, committed 137856K, reserved 1169408K
  class space    used 16623K, capacity 18285K, committed 18304K, reserved 1048576K
}
Event: 14523.468 GC heap before
{Heap before GC invocations=55 (full 4):
 PSYoungGen      total 422400K, used 422369K [0x00000000e0000000, 0x00000000fdb00000, 0x0000000100000000)
  eden space 395776K, 100% used [0x00000000e0000000,0x00000000f8280000,0x00000000f8280000)
  from space 26624K, 99% used [0x00000000fc100000,0x00000000fdaf8448,0x00000000fdb00000)
  to   space 39424K, 0% used [0x00000000f8e00000,0x00000000f8e00000,0x00000000fb480000)
 ParOldGen       total 153088K, used 126853K [0x00000000a0000000, 0x00000000a9580000, 0x00000000e0000000)
  object space 153088K, 82% used [0x00000000a0000000,0x00000000a7be1620,0x00000000a9580000)
 Metaspace       used 134038K, capacity 143484K, committed 143616K, reserved 1173504K
  class space    used 17120K, capacity 18839K, committed 18944K, reserved 1048576K
Event: 14523.683 GC heap after
Heap after GC invocations=55 (full 4):
 PSYoungGen      total 419328K, used 39419K [0x00000000e0000000, 0x00000000fd800000, 0x0000000100000000)
  eden space 379904K, 0% used [0x00000000e0000000,0x00000000e0000000,0x00000000f7300000)
  from space 39424K, 99% used [0x00000000f8e00000,0x00000000fb47eee0,0x00000000fb480000)
  to   space 36352K, 0% used [0x00000000fb480000,0x00000000fb480000,0x00000000fd800000)
 ParOldGen       total 153088K, used 144321K [0x00000000a0000000, 0x00000000a9580000, 0x00000000e0000000)
  object space 153088K, 94% used [0x00000000a0000000,0x00000000a8cf0670,0x00000000a9580000)
 Metaspace       used 134038K, capacity 143484K, committed 143616K, reserved 1173504K
  class space    used 17120K, capacity 18839K, committed 18944K, reserved 1048576K
}
Event: 14523.683 GC heap before
{Heap before GC invocations=56 (full 5):
 PSYoungGen      total 419328K, used 39419K [0x00000000e0000000, 0x00000000fd800000, 0x0000000100000000)
  eden space 379904K, 0% used [0x00000000e0000000,0x00000000e0000000,0x00000000f7300000)
  from space 39424K, 99% used [0x00000000f8e00000,0x00000000fb47eee0,0x00000000fb480000)
  to   space 36352K, 0% used [0x00000000fb480000,0x00000000fb480000,0x00000000fd800000)
 ParOldGen       total 153088K, used 144321K [0x00000000a0000000, 0x00000000a9580000, 0x00000000e0000000)
  object space 153088K, 94% used [0x00000000a0000000,0x00000000a8cf0670,0x00000000a9580000)
 Metaspace       used 134038K, capacity 143484K, committed 143616K, reserved 1173504K
  class space    used 17120K, capacity 18839K, committed 18944K, reserved 1048576K

